<?xml version="1.0" encoding="UTF-8" ?>
<testsuite tests="1" failures="1" name="TestMain" time="0.008" errors="0" skipped="0">
  <properties>
[...]
</properties>
  <testcase classname="TestMain" name="TestMain.testNumberIsPositive" time="0.008">
    <failure message="expected: &lt;true&gt; but was: &lt;false&gt;" type="org.opentest4j.AssertionFailedError">org.opentest4j.AssertionFailedError: expected: &lt;true&gt; but was: &lt;false&gt;
	at org.junit.jupiter.api.AssertionFailureBuilder.build(AssertionFailureBuilder.java:151)
	at org.junit.jupiter.api.AssertionFailureBuilder.buildAndThrow(AssertionFailureBuilder.java:132)
	at org.junit.jupiter.api.AssertTrue.failNotTrue(AssertTrue.java:63)
	at org.junit.jupiter.api.AssertTrue.assertTrue(AssertTrue.java:36)
	at org.junit.jupiter.api.AssertTrue.assertTrue(AssertTrue.java:31)
	at org.junit.jupiter.api.Assertions.assertTrue(Assertions.java:180)
	at TestMain.testNumberIsPositive(TestMain.java:7)
</failure>
  </testcase>
</testsuite>